<?xml version="1.0" encoding="UTF-8"?>
<testng-results skipped="0" failed="0" ignored="0" total="2" passed="2">
  <reporter-output>
    <line>
      <![CDATA[Web site launched successfully]]>
    </line>
    <line>
      <![CDATA[Verification of url --> has Passed]]>
    </line>
    <line>
      <![CDATA[Wait for 1 seconds succeeded]]>
    </line>
    <line>
      <![CDATA[I filled textbox with value searchvalue[0]]]>
    </line>
    <line>
      <![CDATA[Enter key textbox pressed successfully ]]>
    </line>
    <line>
      <![CDATA[Wait for 1 seconds succeeded]]>
    </line>
    <line>
      <![CDATA[Verification of Element appicon is displayed Succeeded ]]>
    </line>
    <line>
      <![CDATA[I performed mouse hover over appicon and clicked]]>
    </line>
    <line>
      <![CDATA[I performed go back from current page ]]>
    </line>
    <line>
      <![CDATA[Verification of fontsize of gmaillink is 13px succeeded]]>
    </line>
  </reporter-output>
  <suite name="TestSuite" duration-ms="54981" started-at="2020-12-08T07:43:33Z" finished-at="2020-12-08T07:44:28Z">
    <groups>
    </groups>
    <test name="Test" duration-ms="54981" started-at="2020-12-08T07:43:33Z" finished-at="2020-12-08T07:44:28Z">
      <class name="com.hcl.taf.Main">
        <test-method status="PASS" signature="setUp()[pri:0, instance:com.hcl.taf.Main@1a407d53]" name="setUp" duration-ms="4045" started-at="2020-12-08T07:43:33Z" finished-at="2020-12-08T07:43:37Z">
          <reporter-output>
          </reporter-output>
        </test-method> <!-- setUp -->
        <test-method status="PASS" signature="tearDown()[pri:0, instance:com.hcl.taf.Main@1a407d53]" name="tearDown" is-config="true" duration-ms="621" started-at="2020-12-08T07:44:28Z" finished-at="2020-12-08T07:44:29Z">
          <reporter-output>
          </reporter-output>
        </test-method> <!-- tearDown -->
      </class> <!-- com.hcl.taf.Main -->
      <class name="com.hcl.taf.GoogleUserStory">
        <test-method status="PASS" signature="setUp()[pri:0, instance:com.hcl.taf.GoogleUserStory@3d8c7aca]" name="setUp" is-config="true" duration-ms="1" started-at="2020-12-08T07:43:37Z" finished-at="2020-12-08T07:43:37Z">
          <reporter-output>
          </reporter-output>
        </test-method> <!-- setUp -->
        <test-method status="PASS" signature="TestvalidateMethod()[pri:0, instance:com.hcl.taf.GoogleUserStory@3d8c7aca]" name="TestvalidateMethod" duration-ms="50906" started-at="2020-12-08T07:43:37Z" finished-at="2020-12-08T07:44:28Z">
          <reporter-output>
            <line>
              <![CDATA[Web site launched successfully]]>
            </line>
            <line>
              <![CDATA[Verification of url --> has Passed]]>
            </line>
            <line>
              <![CDATA[Wait for 1 seconds succeeded]]>
            </line>
            <line>
              <![CDATA[I filled textbox with value searchvalue[0]]]>
            </line>
            <line>
              <![CDATA[Enter key textbox pressed successfully ]]>
            </line>
            <line>
              <![CDATA[Wait for 1 seconds succeeded]]>
            </line>
            <line>
              <![CDATA[Verification of Element appicon is displayed Succeeded ]]>
            </line>
            <line>
              <![CDATA[I performed mouse hover over appicon and clicked]]>
            </line>
            <line>
              <![CDATA[I performed go back from current page ]]>
            </line>
            <line>
              <![CDATA[Verification of fontsize of gmaillink is 13px succeeded]]>
            </line>
          </reporter-output>
        </test-method> <!-- TestvalidateMethod -->
      </class> <!-- com.hcl.taf.GoogleUserStory -->
    </test> <!-- Test -->
  </suite> <!-- TestSuite -->
</testng-results>
