<?xml version="1.0" encoding="UTF-8"?>
<testng-results skipped="0" failed="0" ignored="0" total="1" passed="1">
  <reporter-output>
  </reporter-output>
  <suite name="TestSuite" duration-ms="3621" started-at="2020-12-03T15:33:02 UTC" finished-at="2020-12-03T15:33:06 UTC">
    <groups>
    </groups>
    <test name="Test" duration-ms="3621" started-at="2020-12-03T15:33:02 UTC" finished-at="2020-12-03T15:33:06 UTC">
      <class name="TestAzure.TestAzure.SelClasss">
        <test-method status="PASS" signature="test()[pri:0, instance:TestAzure.TestAzure.SelClasss@4f970963]" name="test" duration-ms="3578" started-at="2020-12-03T15:33:02 UTC" finished-at="2020-12-03T15:33:06 UTC">
          <reporter-output>
          </reporter-output>
        </test-method> <!-- test -->
      </class> <!-- TestAzure.TestAzure.SelClasss -->
    </test> <!-- Test -->
  </suite> <!-- TestSuite -->
</testng-results>
